<?xml version="1.0" encoding="UTF-8"?>
<!-- Generated by org.testng.reporters.JUnitXMLReporter -->
<testsuite ignored="0" hostname="LAPTOP-5K6Q4QC2" failures="0" tests="8" name="Regression1" time="59.325" errors="0" timestamp="2023-05-24T03:15:13 EDT">
  <testcase classname="com.Orange.testPages.LoginTest" name="verifyLoginButtonTest" time="1.545"/>
  <testcase classname="com.Orange.testPages.LoginTest" name="verifyPageTitleTest" time="0.008"/>
  <testcase classname="com.Orange.testPages.LoginTest" name="verifyOrangeImageTest" time="0.527"/>
  <testcase classname="com.Orange.testPages.LoginTest" name="verifyHrmLoginImageTest" time="0.469"/>
  <testcase classname="com.Orange.testPages.LoginTest" name="verifyResetPasswordLinkTest" time="0.918"/>
  <testcase classname="com.Orange.testPages.ResetPasswordPageTest" name="verifyResetPasswordButtonLinkPageTest" time="1.366"/>
  <testcase classname="com.Orange.testPages.ResetPasswordPageTest" name="verifyCancelLinkTest" time="0.595"/>
  <testcase classname="com.Orange.testPages.SendResetPasswordLinkPageTest" name="verifySuccessfulTextTest" time="0.281"/>
</testsuite> <!-- Regression1 -->
