<?xml version="1.0" encoding="UTF-8"?>
<testng-results ignored="0" total="8" passed="8" failed="0" skipped="0">
  <reporter-output>
  </reporter-output>
  <suite started-at="2023-05-24T03:14:14 EDT" name="Suite1" finished-at="2023-05-24T03:15:13 EDT" duration-ms="59325">
    <groups>
    </groups>
    <test started-at="2023-05-24T03:14:14 EDT" name="Regression1" finished-at="2023-05-24T03:15:13 EDT" duration-ms="59325">
      <class name="com.Orange.testPages.LoginTest">
        <test-method is-config="true" signature="setup()[pri:0, instance:com.Orange.testPages.LoginTest@47542153]" started-at="2023-05-24T03:14:14 EDT" name="setup" finished-at="2023-05-24T03:14:20 EDT" duration-ms="6679" status="PASS">
          <reporter-output>
          </reporter-output>
        </test-method> <!-- setup -->
        <test-method signature="verifyLoginButtonTest()[pri:0, instance:com.Orange.testPages.LoginTest@47542153]" started-at="2023-05-24T03:14:20 EDT" name="verifyLoginButtonTest" finished-at="2023-05-24T03:14:22 EDT" duration-ms="1545" status="PASS">
          <reporter-output>
          </reporter-output>
        </test-method> <!-- verifyLoginButtonTest -->
        <test-method is-config="true" signature="TearDown()[pri:0, instance:com.Orange.testPages.LoginTest@47542153]" started-at="2023-05-24T03:14:22 EDT" name="TearDown" finished-at="2023-05-24T03:14:22 EDT" duration-ms="144" status="PASS">
          <reporter-output>
          </reporter-output>
        </test-method> <!-- TearDown -->
        <test-method is-config="true" signature="setup()[pri:0, instance:com.Orange.testPages.LoginTest@47542153]" started-at="2023-05-24T03:14:22 EDT" name="setup" finished-at="2023-05-24T03:14:28 EDT" duration-ms="6204" status="PASS">
          <reporter-output>
          </reporter-output>
        </test-method> <!-- setup -->
        <test-method signature="verifyPageTitleTest()[pri:1, instance:com.Orange.testPages.LoginTest@47542153]" started-at="2023-05-24T03:14:28 EDT" name="verifyPageTitleTest" finished-at="2023-05-24T03:14:28 EDT" duration-ms="8" status="PASS">
          <reporter-output>
          </reporter-output>
        </test-method> <!-- verifyPageTitleTest -->
        <test-method is-config="true" signature="TearDown()[pri:0, instance:com.Orange.testPages.LoginTest@47542153]" started-at="2023-05-24T03:14:28 EDT" name="TearDown" finished-at="2023-05-24T03:14:28 EDT" duration-ms="94" status="PASS">
          <reporter-output>
          </reporter-output>
        </test-method> <!-- TearDown -->
        <test-method is-config="true" signature="setup()[pri:0, instance:com.Orange.testPages.LoginTest@47542153]" started-at="2023-05-24T03:14:28 EDT" name="setup" finished-at="2023-05-24T03:14:34 EDT" duration-ms="6012" status="PASS">
          <reporter-output>
          </reporter-output>
        </test-method> <!-- setup -->
        <test-method signature="verifyOrangeImageTest()[pri:2, instance:com.Orange.testPages.LoginTest@47542153]" started-at="2023-05-24T03:14:34 EDT" name="verifyOrangeImageTest" finished-at="2023-05-24T03:14:35 EDT" duration-ms="527" status="PASS">
          <reporter-output>
          </reporter-output>
        </test-method> <!-- verifyOrangeImageTest -->
        <test-method is-config="true" signature="TearDown()[pri:0, instance:com.Orange.testPages.LoginTest@47542153]" started-at="2023-05-24T03:14:35 EDT" name="TearDown" finished-at="2023-05-24T03:14:35 EDT" duration-ms="118" status="PASS">
          <reporter-output>
          </reporter-output>
        </test-method> <!-- TearDown -->
        <test-method is-config="true" signature="setup()[pri:0, instance:com.Orange.testPages.LoginTest@47542153]" started-at="2023-05-24T03:14:35 EDT" name="setup" finished-at="2023-05-24T03:14:41 EDT" duration-ms="6125" status="PASS">
          <reporter-output>
          </reporter-output>
        </test-method> <!-- setup -->
        <test-method signature="verifyHrmLoginImageTest()[pri:3, instance:com.Orange.testPages.LoginTest@47542153]" started-at="2023-05-24T03:14:41 EDT" name="verifyHrmLoginImageTest" finished-at="2023-05-24T03:14:42 EDT" duration-ms="469" status="PASS">
          <reporter-output>
          </reporter-output>
        </test-method> <!-- verifyHrmLoginImageTest -->
        <test-method is-config="true" signature="TearDown()[pri:0, instance:com.Orange.testPages.LoginTest@47542153]" started-at="2023-05-24T03:14:42 EDT" name="TearDown" finished-at="2023-05-24T03:14:42 EDT" duration-ms="145" status="PASS">
          <reporter-output>
          </reporter-output>
        </test-method> <!-- TearDown -->
        <test-method is-config="true" signature="setup()[pri:0, instance:com.Orange.testPages.LoginTest@47542153]" started-at="2023-05-24T03:14:42 EDT" name="setup" finished-at="2023-05-24T03:14:48 EDT" duration-ms="6026" status="PASS">
          <reporter-output>
          </reporter-output>
        </test-method> <!-- setup -->
        <test-method signature="verifyResetPasswordLinkTest()[pri:4, instance:com.Orange.testPages.LoginTest@47542153]" started-at="2023-05-24T03:14:48 EDT" name="verifyResetPasswordLinkTest" finished-at="2023-05-24T03:14:49 EDT" duration-ms="918" status="PASS">
          <reporter-output>
          </reporter-output>
        </test-method> <!-- verifyResetPasswordLinkTest -->
        <test-method is-config="true" signature="TearDown()[pri:0, instance:com.Orange.testPages.LoginTest@47542153]" started-at="2023-05-24T03:14:49 EDT" name="TearDown" finished-at="2023-05-24T03:14:49 EDT" duration-ms="124" status="PASS">
          <reporter-output>
          </reporter-output>
        </test-method> <!-- TearDown -->
      </class> <!-- com.Orange.testPages.LoginTest -->
      <class name="com.Orange.testPages.SendResetPasswordLinkPageTest">
        <test-method is-config="true" signature="setup()[pri:0, instance:com.Orange.testPages.SendResetPasswordLinkPageTest@6e0dec4a]" started-at="2023-05-24T03:15:05 EDT" name="setup" finished-at="2023-05-24T03:15:12 EDT" duration-ms="7255" status="PASS">
          <reporter-output>
          </reporter-output>
        </test-method> <!-- setup -->
        <test-method signature="verifySuccessfulTextTest()[pri:1, instance:com.Orange.testPages.SendResetPasswordLinkPageTest@6e0dec4a]" started-at="2023-05-24T03:15:12 EDT" name="verifySuccessfulTextTest" finished-at="2023-05-24T03:15:13 EDT" duration-ms="281" status="PASS">
          <reporter-output>
          </reporter-output>
        </test-method> <!-- verifySuccessfulTextTest -->
        <test-method is-config="true" signature="TearDown()[pri:0, instance:com.Orange.testPages.SendResetPasswordLinkPageTest@6e0dec4a]" started-at="2023-05-24T03:15:13 EDT" name="TearDown" finished-at="2023-05-24T03:15:13 EDT" duration-ms="150" status="PASS">
          <reporter-output>
          </reporter-output>
        </test-method> <!-- TearDown -->
      </class> <!-- com.Orange.testPages.SendResetPasswordLinkPageTest -->
      <class name="com.Orange.testPages.ResetPasswordPageTest">
        <test-method is-config="true" signature="setup()[pri:0, instance:com.Orange.testPages.ResetPasswordPageTest@56528192]" started-at="2023-05-24T03:14:49 EDT" name="setup" finished-at="2023-05-24T03:14:56 EDT" duration-ms="7144" status="PASS">
          <reporter-output>
          </reporter-output>
        </test-method> <!-- setup -->
        <test-method signature="verifyResetPasswordButtonLinkPageTest()[pri:1, instance:com.Orange.testPages.ResetPasswordPageTest@56528192]" started-at="2023-05-24T03:14:56 EDT" name="verifyResetPasswordButtonLinkPageTest" finished-at="2023-05-24T03:14:57 EDT" duration-ms="1366" status="PASS">
          <reporter-output>
          </reporter-output>
        </test-method> <!-- verifyResetPasswordButtonLinkPageTest -->
        <test-method is-config="true" signature="TearDown()[pri:0, instance:com.Orange.testPages.ResetPasswordPageTest@56528192]" started-at="2023-05-24T03:14:57 EDT" name="TearDown" finished-at="2023-05-24T03:14:57 EDT" duration-ms="122" status="PASS">
          <reporter-output>
          </reporter-output>
        </test-method> <!-- TearDown -->
        <test-method is-config="true" signature="setup()[pri:0, instance:com.Orange.testPages.ResetPasswordPageTest@56528192]" started-at="2023-05-24T03:14:57 EDT" name="setup" finished-at="2023-05-24T03:15:04 EDT" duration-ms="7087" status="PASS">
          <reporter-output>
          </reporter-output>
        </test-method> <!-- setup -->
        <test-method signature="verifyCancelLinkTest()[pri:2, instance:com.Orange.testPages.ResetPasswordPageTest@56528192]" started-at="2023-05-24T03:15:04 EDT" name="verifyCancelLinkTest" finished-at="2023-05-24T03:15:05 EDT" duration-ms="595" status="PASS">
          <reporter-output>
          </reporter-output>
        </test-method> <!-- verifyCancelLinkTest -->
        <test-method is-config="true" signature="TearDown()[pri:0, instance:com.Orange.testPages.ResetPasswordPageTest@56528192]" started-at="2023-05-24T03:15:05 EDT" name="TearDown" finished-at="2023-05-24T03:15:05 EDT" duration-ms="131" status="PASS">
          <reporter-output>
          </reporter-output>
        </test-method> <!-- TearDown -->
      </class> <!-- com.Orange.testPages.ResetPasswordPageTest -->
    </test> <!-- Regression1 -->
  </suite> <!-- Suite1 -->
</testng-results>
